### normal mode ###

R version 3.6.3 (2020-02-29) -- "Holding the Windsock"
Copyright (C) 2020 The R Foundation for Statistical Computing
Platform: x86_64-conda_cos6-linux-gnu (64-bit)

R is free software and comes with ABSOLUTELY NO WARRANTY.
You are welcome to redistribute it under certain conditions.
Type 'license()' or 'licence()' for distribution details.

  Natural language support but running in an English locale

R is a collaborative project with many contributors.
Type 'contributors()' for more information and
'citation()' on how to cite R or R packages in publications.

Type 'demo()' for some demos, 'help()' for on-line help, or
'help.start()' for an HTML browser interface to help.
Type 'q()' to quit R.

During startup - Warning message:
Setting LC_CTYPE failed, using "C" 
> suppressMessages(library(SplitFusion)); runSplitFusion()
==========
 Thu Jun 18 03:25:27 2020 : SplitFusion started successfully.
==========
==========
 Thu Jun 18 03:25:27 2020 : Starting...1_fastq-bam...
==========
[bam_sort_core] merging from 0 files and 6 in-memory blocks...
==========
 Thu Jun 18 03:25:44 2020 : 1_fastq-bam completed successfully.
==========
==========
 Thu Jun 18 03:25:44 2020 : Starting...2_bam-breakpoint...
==========
==========
 Thu Jun 18 03:25:44 2020 : 2_bam-breakpoint completed successfully.
==========
==========
 Thu Jun 18 03:25:44 2020 : Starting...3_breakpoint-filter...
==========
==========
 Thu Jun 18 03:25:44 2020 : 3_breakpoint-filter completed successfully.
==========
==========
 Thu Jun 18 03:25:44 2020 : Starting...4_breakpoint-anno...
==========
==========
 Thu Jun 18 03:25:55 2020 : 4_breakpoint-anno completed successfully.
==========
==========
 Thu Jun 18 03:25:55 2020 : Starting...5_breakpoint-anno-post...
==========
==========
 Thu Jun 18 03:25:57 2020 : 5_breakpoint-anno-post completed successfully.
==========
==========
 Thu Jun 18 03:25:57 2020 : Split-Fusion completed successfully.
==========
> 
> 


### kick start mode ###

R version 3.6.3 (2020-02-29) -- "Holding the Windsock"
Copyright (C) 2020 The R Foundation for Statistical Computing
Platform: x86_64-conda_cos6-linux-gnu (64-bit)

R is free software and comes with ABSOLUTELY NO WARRANTY.
You are welcome to redistribute it under certain conditions.
Type 'license()' or 'licence()' for distribution details.

  Natural language support but running in an English locale

R is a collaborative project with many contributors.
Type 'contributors()' for more information and
'citation()' on how to cite R or R packages in publications.

Type 'demo()' for some demos, 'help()' for on-line help, or
'help.start()' for an HTML browser interface to help.
Type 'q()' to quit R.

During startup - Warning message:
Setting LC_CTYPE failed, using "C" 
> suppressMessages(library(SplitFusion)); runSplitFusion()
==========
 Thu Jun 18 03:28:03 2020 : SplitFusion started successfully.
==========
==========
 Thu Jun 18 03:28:03 2020 : Starting...1_fastq-bam...
==========
[bam_sort_core] merging from 0 files and 6 in-memory blocks...
==========
 Thu Jun 18 03:28:04 2020 : 1_fastq-bam completed successfully.
==========
==========
 Thu Jun 18 03:28:04 2020 : Starting...2_bam-breakpoint...
==========
==========
 Thu Jun 18 03:28:04 2020 : 2_bam-breakpoint completed successfully.
==========
==========
 Thu Jun 18 03:28:04 2020 : Starting...3_breakpoint-filter...
==========
==========
 Thu Jun 18 03:28:05 2020 : 3_breakpoint-filter completed successfully.
==========
==========
 Thu Jun 18 03:28:05 2020 : Starting...4_breakpoint-anno...
==========
==========
 Thu Jun 18 03:28:14 2020 : 4_breakpoint-anno completed successfully.
==========
==========
 Thu Jun 18 03:28:14 2020 : Starting...5_breakpoint-anno-post...
==========
==========
 Thu Jun 18 03:28:16 2020 : 5_breakpoint-anno-post completed successfully.
==========
==========
 Thu Jun 18 03:28:16 2020 : Split-Fusion completed successfully.
==========
> 
> 


### target mode ###
R version 3.6.3 (2020-02-29) -- "Holding the Windsock"
Copyright (C) 2020 The R Foundation for Statistical Computing
Platform: x86_64-conda_cos6-linux-gnu (64-bit)

R is free software and comes with ABSOLUTELY NO WARRANTY.
You are welcome to redistribute it under certain conditions.
Type 'license()' or 'licence()' for distribution details.

  Natural language support but running in an English locale

R is a collaborative project with many contributors.
Type 'contributors()' for more information and
'citation()' on how to cite R or R packages in publications.

Type 'demo()' for some demos, 'help()' for on-line help, or
'help.start()' for an HTML browser interface to help.
Type 'q()' to quit R.

During startup - Warning message:
Setting LC_CTYPE failed, using "C" 
> suppressMessages(library(SplitFusion)); runSplitFusion()
==========
 Thu Jun 18 03:32:09 2020 : SplitFusion started successfully.
==========
==========
 Thu Jun 18 03:32:09 2020 : Starting...1_fastq-bam...
==========
[bam_sort_core] merging from 0 files and 6 in-memory blocks...
==========
 Thu Jun 18 03:32:30 2020 : 1_fastq-bam completed successfully.
==========
==========
 Thu Jun 18 03:32:30 2020 : Starting...2_bam-breakpoint...
==========
==========
 Thu Jun 18 03:32:31 2020 : 2_bam-breakpoint completed successfully.
==========
==========
 Thu Jun 18 03:32:31 2020 : Starting...3_breakpoint-filter...
==========
join: _filter2: No such file or directory
==========
 Thu Jun 18 03:32:31 2020 : 3_breakpoint-filter completed successfully.
==========
==========
 Thu Jun 18 03:32:31 2020 : Starting...4_breakpoint-anno...
==========
==========
 Thu Jun 18 03:32:40 2020 : 4_breakpoint-anno completed successfully.
==========
==========
 Thu Jun 18 03:32:40 2020 : Starting...5_breakpoint-anno-post...
==========
==========
 Thu Jun 18 03:32:42 2020 : 5_breakpoint-anno-post completed successfully.
==========
==========
 Thu Jun 18 03:32:42 2020 : Split-Fusion completed successfully.
==========
> 
> 


### specific step mode (1_fastq-bam,2_bam-breakpoint,3_breakpoint-filter) ###

R version 3.6.3 (2020-02-29) -- "Holding the Windsock"
Copyright (C) 2020 The R Foundation for Statistical Computing
Platform: x86_64-conda_cos6-linux-gnu (64-bit)

R is free software and comes with ABSOLUTELY NO WARRANTY.
You are welcome to redistribute it under certain conditions.
Type 'license()' or 'licence()' for distribution details.

  Natural language support but running in an English locale

R is a collaborative project with many contributors.
Type 'contributors()' for more information and
'citation()' on how to cite R or R packages in publications.

Type 'demo()' for some demos, 'help()' for on-line help, or
'help.start()' for an HTML browser interface to help.
Type 'q()' to quit R.

During startup - Warning message:
Setting LC_CTYPE failed, using "C" 
> suppressMessages(library(SplitFusion)); runSplitFusion()
==========
 Thu Jun 18 03:36:55 2020 : SplitFusion started successfully.
==========
==========
 Thu Jun 18 03:36:55 2020 : Starting...1_fastq-bam...
==========
[bam_sort_core] merging from 0 files and 6 in-memory blocks...
==========
 Thu Jun 18 03:37:16 2020 : 1_fastq-bam completed successfully.
==========
==========
 Thu Jun 18 03:37:16 2020 : Starting...2_bam-breakpoint...
==========
==========
 Thu Jun 18 03:37:16 2020 : 2_bam-breakpoint completed successfully.
==========
==========
 Thu Jun 18 03:37:16 2020 : Starting...3_breakpoint-filter...
==========
==========
 Thu Jun 18 03:37:16 2020 : 3_breakpoint-filter completed successfully.
==========
==========
 Thu Jun 18 03:37:16 2020 : Starting...4_breakpoint-anno...
==========
==========
 Thu Jun 18 03:37:16 2020 : Starting...5_breakpoint-anno-post...
==========
==========
 Thu Jun 18 03:37:16 2020 : Split-Fusion completed successfully.
==========
> 
> 

